Started GET "/" for ::1 at 2019-10-10 13:52:45 +0200
  [1m[35m (2.0ms)[0m  [1m[34mSELECT sqlite_version(*)[0m
Processing by Rails::WelcomeController#index as HTML
  Rendering /usr/local/rvm/gems/ruby-2.6.3/gems/railties-6.0.0/lib/rails/templates/rails/welcome/index.html.erb
  Rendered /usr/local/rvm/gems/ruby-2.6.3/gems/railties-6.0.0/lib/rails/templates/rails/welcome/index.html.erb (Duration: 11.6ms | Allocations: 478)
Completed 200 OK in 29ms (Views: 17.4ms | ActiveRecord: 0.0ms | Allocations: 2932)


Started GET "/" for ::1 at 2019-10-10 13:58:37 +0200
  [1m[35m (0.8ms)[0m  [1m[34mSELECT sqlite_version(*)[0m
Processing by PagesController#home as HTML
  Rendering pages/home.html.erb within layouts/application
  Rendered pages/home.html.erb within layouts/application (Duration: 0.6ms | Allocations: 204)
[Webpacker] Compiling…
[Webpacker] Compiled all packs in /home/ucm-user/Schreibtisch/ruby-test-app/appRails/public/packs
Completed 200 OK in 5740ms (Views: 5733.2ms | ActiveRecord: 0.0ms | Allocations: 1253827)


Started GET "/" for ::1 at 2019-10-10 13:59:26 +0200
Processing by PagesController#home as HTML
  Rendering pages/home.html.erb within layouts/application
  Rendered pages/home.html.erb within layouts/application (Duration: 0.1ms | Allocations: 5)
Completed 200 OK in 24ms (Views: 21.1ms | ActiveRecord: 0.0ms | Allocations: 4481)


Started GET "/" for ::1 at 2019-10-10 13:59:28 +0200
Processing by PagesController#home as HTML
  Rendering pages/home.html.erb within layouts/application
  Rendered pages/home.html.erb within layouts/application (Duration: 0.1ms | Allocations: 4)
Completed 200 OK in 24ms (Views: 22.5ms | ActiveRecord: 0.0ms | Allocations: 4461)


Started GET "/" for ::1 at 2019-10-10 13:59:29 +0200
Processing by PagesController#home as HTML
  Rendering pages/home.html.erb within layouts/application
  Rendered pages/home.html.erb within layouts/application (Duration: 0.1ms | Allocations: 5)
Completed 200 OK in 24ms (Views: 22.3ms | ActiveRecord: 0.0ms | Allocations: 4468)


Started GET "/" for ::1 at 2019-10-10 13:59:39 +0200
Processing by PagesController#home as HTML
  Rendering pages/home.html.erb within layouts/application
  Rendered pages/home.html.erb within layouts/application (Duration: 0.8ms | Allocations: 87)
Completed 200 OK in 37ms (Views: 33.2ms | ActiveRecord: 0.0ms | Allocations: 5483)


Started GET "/" for ::1 at 2019-10-10 14:02:29 +0200
Processing by PagesController#home as HTML
  Rendering pages/home.html.erb within layouts/application
  Rendered pages/home.html.erb within layouts/application (Duration: 0.9ms | Allocations: 101)
Completed 200 OK in 31ms (Views: 28.3ms | ActiveRecord: 0.0ms | Allocations: 5485)


Started GET "/" for ::1 at 2019-10-10 14:02:30 +0200
Processing by PagesController#home as HTML
  Rendering pages/home.html.erb within layouts/application
  Rendered pages/home.html.erb within layouts/application (Duration: 0.1ms | Allocations: 5)
Completed 200 OK in 27ms (Views: 24.3ms | ActiveRecord: 0.0ms | Allocations: 4471)


Started GET "/" for ::1 at 2019-10-10 15:01:16 +0200
  [1m[35m (0.2ms)[0m  [1m[34mSELECT sqlite_version(*)[0m
Processing by PagesController#home as HTML
  Rendering pages/home.html.erb within layouts/application
  Rendered pages/home.html.erb within layouts/application (Duration: 0.2ms | Allocations: 4)
Completed 200 OK in 23ms (Views: 21.0ms | ActiveRecord: 0.0ms | Allocations: 4454)


